<?xml version="1.0" encoding="UTF-8"?>
<!-- Generated by org.testng.reporters.JUnitXMLReporter -->
<testsuite ignored="0" hostname="DESKTOP-J7DNQ9P" failures="2" tests="3" name="Test" time="19.344" errors="0" timestamp="2024-05-10T14:12:50 IST">
  <testcase classname="PB_Testcases.DataDriven_Login_003" name="datadriventest" time="2.236">
    <failure type="junit.framework.AssertionFailedError">
      <![CDATA[junit.framework.AssertionFailedError
at junit.framework.Assert.fail(Assert.java:47)
at junit.framework.Assert.assertTrue(Assert.java:20)
at junit.framework.Assert.assertTrue(Assert.java:27)
at PB_Testcases.DataDriven_Login_003.datadriventest(DataDriven_Login_003.java:33)
at java.base/java.util.ArrayList.forEach(ArrayList.java:1511)
... Removed 27 stack frames]]>
    </failure>
  </testcase> <!-- datadriventest -->
  <testcase classname="PB_Testcases.DataDriven_Login_003" name="datadriventest" time="1.133">
    <failure type="junit.framework.AssertionFailedError">
      <![CDATA[junit.framework.AssertionFailedError
at junit.framework.Assert.fail(Assert.java:47)
at junit.framework.Assert.assertTrue(Assert.java:20)
at junit.framework.Assert.assertTrue(Assert.java:27)
at PB_Testcases.DataDriven_Login_003.datadriventest(DataDriven_Login_003.java:33)
at java.base/java.util.ArrayList.forEach(ArrayList.java:1511)
... Removed 27 stack frames]]>
    </failure>
  </testcase> <!-- datadriventest -->
  <testcase classname="PB_Testcases.DataDriven_Login_003" name="datadriventest" time="1.191"/>
</testsuite> <!-- Test -->
